2019-06-24 12:47:07,018 [6] INFO DemoApp.Models.PersonRepository - test1@piworks.net info taken successfully
2019-06-24 12:47:07,025 [6] INFO DemoApp.Models.PersonRepository - test2@piworks.net info taken successfully
2019-06-24 12:47:07,025 [6] INFO DemoApp.Models.PersonRepository - test3@piworks.net info taken successfully
2019-06-24 12:47:07,025 [6] INFO DemoApp.Models.PersonRepository - serkan.sorman@piworks.net info taken successfully
2019-06-24 12:57:13,563 [12] INFO DemoApp.Models.PersonRepository - ID: 8 is removed successfully
2019-06-24 12:58:13,118 [16] INFO DemoApp.Models.PersonRepository - test1@piworks.net info taken successfully
2019-06-24 12:58:13,118 [16] INFO DemoApp.Models.PersonRepository - test2@piworks.net info taken successfully
2019-06-24 12:58:13,118 [16] INFO DemoApp.Models.PersonRepository - test3@piworks.net info taken successfully
2019-06-24 12:58:13,118 [16] INFO DemoApp.Models.PersonRepository - serkan.sorman@piworks.net info taken successfully
2019-06-24 12:58:25,764 [16] INFO DemoApp.Models.PersonRepository - test1@piworks.net info taken successfully
2019-06-24 12:58:25,764 [16] INFO DemoApp.Models.PersonRepository - test2@piworks.net info taken successfully
2019-06-24 12:58:25,764 [16] INFO DemoApp.Models.PersonRepository - test3@piworks.net info taken successfully
2019-06-24 12:58:25,764 [16] INFO DemoApp.Models.PersonRepository - serkan.sorman@piworks.net info taken successfully
2019-06-24 13:00:08,490 [12] INFO DemoApp.Models.PersonRepository - test1@piworks.net info taken successfully
2019-06-24 13:00:08,490 [12] INFO DemoApp.Models.PersonRepository - test2@piworks.net info taken successfully
2019-06-24 13:00:08,490 [12] INFO DemoApp.Models.PersonRepository - test3@piworks.net info taken successfully
2019-06-24 13:00:08,490 [12] INFO DemoApp.Models.PersonRepository - serkan.sorman@piworks.net info taken successfully
2019-06-24 13:34:20,522 [45] INFO DemoApp.Models.PersonRepository - test1@piworks.net info taken successfully
2019-06-24 13:34:20,530 [45] INFO DemoApp.Models.PersonRepository - test2@piworks.net info taken successfully
2019-06-24 13:34:20,530 [45] INFO DemoApp.Models.PersonRepository - test3@piworks.net info taken successfully
2019-06-24 13:34:20,530 [45] INFO DemoApp.Models.PersonRepository - serkan.sorman@piworks.net info taken successfully
2019-06-24 13:35:19,780 [45] INFO DemoApp.Models.PersonRepository - test1@piworks.net info taken successfully
2019-06-24 13:35:19,788 [45] INFO DemoApp.Models.PersonRepository - test2@piworks.net info taken successfully
2019-06-24 13:35:19,788 [45] INFO DemoApp.Models.PersonRepository - test3@piworks.net info taken successfully
2019-06-24 13:35:19,788 [45] INFO DemoApp.Models.PersonRepository - serkan.sorman@piworks.net info taken successfully
2019-06-24 13:44:08,855 [23] INFO DemoApp.Models.PersonRepository - test1@piworks.net info taken successfully
2019-06-24 13:44:08,862 [23] INFO DemoApp.Models.PersonRepository - test2@piworks.net info taken successfully
2019-06-24 13:44:08,862 [23] INFO DemoApp.Models.PersonRepository - test3@piworks.net info taken successfully
2019-06-24 13:44:08,862 [23] INFO DemoApp.Models.PersonRepository - serkan.sorman@piworks.net info taken successfully
2019-06-24 13:51:07,884 [33] INFO DemoApp.Models.PersonRepository - test1@piworks.net info taken successfully
2019-06-24 13:51:07,892 [33] INFO DemoApp.Models.PersonRepository - test2@piworks.net info taken successfully
2019-06-24 13:51:07,892 [33] INFO DemoApp.Models.PersonRepository - test3@piworks.net info taken successfully
2019-06-24 13:51:07,892 [33] INFO DemoApp.Models.PersonRepository - serkan.sorman@piworks.net info taken successfully
2019-06-24 13:54:01,767 [45] INFO DemoApp.Models.PersonRepository - test1@piworks.net info taken successfully
2019-06-24 13:54:01,774 [45] INFO DemoApp.Models.PersonRepository - test2@piworks.net info taken successfully
2019-06-24 13:54:01,774 [45] INFO DemoApp.Models.PersonRepository - test3@piworks.net info taken successfully
2019-06-24 13:54:01,774 [45] INFO DemoApp.Models.PersonRepository - serkan.sorman@piworks.net info taken successfully
2019-06-24 13:54:11,810 [31] INFO DemoApp.Models.PersonRepository - test1@piworks.net info taken successfully
2019-06-24 13:54:11,810 [31] INFO DemoApp.Models.PersonRepository - test2@piworks.net info taken successfully
2019-06-24 13:54:11,810 [31] INFO DemoApp.Models.PersonRepository - test3@piworks.net info taken successfully
2019-06-24 13:54:11,810 [31] INFO DemoApp.Models.PersonRepository - serkan.sorman@piworks.net info taken successfully
2019-06-24 13:54:45,047 [43] INFO DemoApp.Models.PersonRepository - test1@piworks.net info taken successfully
2019-06-24 13:54:45,055 [43] INFO DemoApp.Models.PersonRepository - test2@piworks.net info taken successfully
2019-06-24 13:54:45,055 [43] INFO DemoApp.Models.PersonRepository - test3@piworks.net info taken successfully
2019-06-24 13:54:45,055 [43] INFO DemoApp.Models.PersonRepository - serkan.sorman@piworks.net info taken successfully
2019-06-24 13:55:10,370 [33] INFO DemoApp.Models.PersonRepository - test1@piworks.net info taken successfully
2019-06-24 13:55:10,380 [33] INFO DemoApp.Models.PersonRepository - test2@piworks.net info taken successfully
2019-06-24 13:55:10,380 [33] INFO DemoApp.Models.PersonRepository - test3@piworks.net info taken successfully
2019-06-24 13:55:10,380 [33] INFO DemoApp.Models.PersonRepository - serkan.sorman@piworks.net info taken successfully
2019-06-24 13:56:03,345 [43] INFO DemoApp.Models.PersonRepository - test1@piworks.net info taken successfully
2019-06-24 13:56:03,352 [43] INFO DemoApp.Models.PersonRepository - test2@piworks.net info taken successfully
2019-06-24 13:56:03,352 [43] INFO DemoApp.Models.PersonRepository - test3@piworks.net info taken successfully
2019-06-24 13:56:03,352 [43] INFO DemoApp.Models.PersonRepository - serkan.sorman@piworks.net info taken successfully
2019-06-24 13:58:04,972 [31] INFO DemoApp.Models.PersonRepository - test1@piworks.net info taken successfully
2019-06-24 13:58:04,979 [31] INFO DemoApp.Models.PersonRepository - test2@piworks.net info taken successfully
2019-06-24 13:58:04,979 [31] INFO DemoApp.Models.PersonRepository - test3@piworks.net info taken successfully
2019-06-24 13:58:04,979 [31] INFO DemoApp.Models.PersonRepository - serkan.sorman@piworks.net info taken successfully
2019-06-24 13:58:29,007 [31] INFO DemoApp.Models.PersonRepository - test1@piworks.net info taken successfully
2019-06-24 13:58:29,015 [31] INFO DemoApp.Models.PersonRepository - test2@piworks.net info taken successfully
2019-06-24 13:58:29,015 [31] INFO DemoApp.Models.PersonRepository - test3@piworks.net info taken successfully
2019-06-24 13:58:29,015 [31] INFO DemoApp.Models.PersonRepository - serkan.sorman@piworks.net info taken successfully
2019-06-24 13:59:39,808 [32] INFO DemoApp.Models.PersonRepository - test1@piworks.net info taken successfully
2019-06-24 13:59:39,816 [32] INFO DemoApp.Models.PersonRepository - test2@piworks.net info taken successfully
2019-06-24 13:59:39,816 [32] INFO DemoApp.Models.PersonRepository - test3@piworks.net info taken successfully
2019-06-24 13:59:39,816 [32] INFO DemoApp.Models.PersonRepository - serkan.sorman@piworks.net info taken successfully
2019-06-24 14:28:15,814 [23] INFO DemoApp.Models.PersonRepository - test1@piworks.net info taken successfully
2019-06-24 14:28:15,822 [23] INFO DemoApp.Models.PersonRepository - test2@piworks.net info taken successfully
2019-06-24 14:28:15,822 [23] INFO DemoApp.Models.PersonRepository - test3@piworks.net info taken successfully
2019-06-24 14:28:15,822 [23] INFO DemoApp.Models.PersonRepository - serkan.sorman@piworks.net info taken successfully
2019-06-24 14:30:25,634 [42] INFO DemoApp.Models.PersonRepository - test1@piworks.net info taken successfully
2019-06-24 14:30:25,634 [42] INFO DemoApp.Models.PersonRepository - test2@piworks.net info taken successfully
2019-06-24 14:30:25,634 [42] INFO DemoApp.Models.PersonRepository - test3@piworks.net info taken successfully
2019-06-24 14:30:25,634 [42] INFO DemoApp.Models.PersonRepository - serkan.sorman@piworks.net info taken successfully
2019-06-24 14:30:31,837 [10] INFO DemoApp.Models.PersonRepository - test1@piworks.net info taken successfully
2019-06-24 14:30:31,837 [10] INFO DemoApp.Models.PersonRepository - test2@piworks.net info taken successfully
2019-06-24 14:30:31,837 [10] INFO DemoApp.Models.PersonRepository - test3@piworks.net info taken successfully
2019-06-24 14:30:31,837 [10] INFO DemoApp.Models.PersonRepository - serkan.sorman@piworks.net info taken successfully
2019-06-24 14:30:35,631 [11] INFO DemoApp.Models.PersonRepository - test1@piworks.net info taken successfully
2019-06-24 14:30:35,631 [11] INFO DemoApp.Models.PersonRepository - test2@piworks.net info taken successfully
2019-06-24 14:30:35,631 [11] INFO DemoApp.Models.PersonRepository - test3@piworks.net info taken successfully
2019-06-24 14:30:35,632 [11] INFO DemoApp.Models.PersonRepository - serkan.sorman@piworks.net info taken successfully
2019-06-24 15:28:07,039 [7] INFO DemoApp.Models.PersonRepository - test1@piworks.net info taken successfully
2019-06-24 15:28:07,048 [7] INFO DemoApp.Models.PersonRepository - test2@piworks.net info taken successfully
2019-06-24 15:28:07,048 [7] INFO DemoApp.Models.PersonRepository - test3@piworks.net info taken successfully
2019-06-24 15:28:07,048 [7] INFO DemoApp.Models.PersonRepository - serkan.sorman@piworks.net info taken successfully
2019-06-24 15:34:59,790 [39] INFO DemoApp.Models.PersonRepository - test1@piworks.net info taken successfully
2019-06-24 15:34:59,799 [39] INFO DemoApp.Models.PersonRepository - test2@piworks.net info taken successfully
2019-06-24 15:34:59,799 [39] INFO DemoApp.Models.PersonRepository - test3@piworks.net info taken successfully
2019-06-24 15:34:59,799 [39] INFO DemoApp.Models.PersonRepository - serkan.sorman@piworks.net info taken successfully
2019-06-24 15:46:53,330 [34] INFO DemoApp.Models.PersonRepository - test1@piworks.net info taken successfully
2019-06-24 15:46:53,339 [34] INFO DemoApp.Models.PersonRepository - test2@piworks.net info taken successfully
2019-06-24 15:46:53,339 [34] INFO DemoApp.Models.PersonRepository - test3@piworks.net info taken successfully
2019-06-24 15:46:53,339 [34] INFO DemoApp.Models.PersonRepository - serkan.sorman@piworks.net info taken successfully
2019-06-25 08:58:58,071 [10] INFO DemoApp.Models.PersonRepository - test1@piworks.net info taken successfully
2019-06-25 08:58:58,083 [10] INFO DemoApp.Models.PersonRepository - test2@piworks.net info taken successfully
2019-06-25 08:58:58,083 [10] INFO DemoApp.Models.PersonRepository - test3@piworks.net info taken successfully
2019-06-25 08:58:58,083 [10] INFO DemoApp.Models.PersonRepository - serkan.sorman@piworks.net info taken successfully
2019-06-25 08:59:23,368 [10] INFO DemoApp.Models.PersonRepository - ID: 9 is removed successfully
2019-06-25 09:00:50,305 [11] INFO DemoApp.Models.PersonRepository - test1@piworks.net info taken successfully
2019-06-25 09:00:50,305 [11] INFO DemoApp.Models.PersonRepository - test2@piworks.net info taken successfully
2019-06-25 09:00:50,305 [11] INFO DemoApp.Models.PersonRepository - test3@piworks.net info taken successfully
2019-06-25 09:00:50,306 [11] INFO DemoApp.Models.PersonRepository - serkan.sorman@piworks.net info taken successfully
2019-06-25 09:04:10,779 [19] INFO DemoApp.Models.PersonRepository - test1@piworks.net info taken successfully
2019-06-25 09:04:10,779 [19] INFO DemoApp.Models.PersonRepository - test2@piworks.net info taken successfully
2019-06-25 09:04:10,779 [19] INFO DemoApp.Models.PersonRepository - test3@piworks.net info taken successfully
2019-06-25 09:04:10,780 [19] INFO DemoApp.Models.PersonRepository - serkan.sorman@piworks.net info taken successfully
2019-06-25 10:10:27,985 [21] INFO DemoApp.Models.PersonRepository - test1@piworks.net taken successfully
2019-06-25 10:10:27,993 [21] INFO DemoApp.Models.PersonRepository - test2@piworks.net taken successfully
2019-06-25 10:10:27,993 [21] INFO DemoApp.Models.PersonRepository - test3@piworks.net taken successfully
2019-06-25 10:10:27,993 [21] INFO DemoApp.Models.PersonRepository - serkan.sorman@piworks.net taken successfully
2019-06-25 10:10:37,132 [25] ERROR DemoApp.Models.ErrorController - 404
2019-06-25 10:21:38,879 [26] INFO DemoApp.Controllers.PersonController - Test GET log
2019-06-25 10:21:39,045 [26] INFO DemoApp.Models.PersonRepository - test1@piworks.net taken successfully
2019-06-25 10:21:39,045 [26] INFO DemoApp.Models.PersonRepository - test2@piworks.net taken successfully
2019-06-25 10:21:39,045 [26] INFO DemoApp.Models.PersonRepository - test3@piworks.net taken successfully
2019-06-25 10:21:39,045 [26] INFO DemoApp.Models.PersonRepository - serkan.sorman@piworks.net taken successfully
2019-06-25 10:34:31,710 [30] INFO DemoApp.Models.PersonRepository - test1@piworks.net taken successfully
2019-06-25 10:34:31,720 [30] INFO DemoApp.Models.PersonRepository - test2@piworks.net taken successfully
2019-06-25 10:34:31,720 [30] INFO DemoApp.Models.PersonRepository - test3@piworks.net taken successfully
2019-06-25 10:34:31,720 [30] INFO DemoApp.Models.PersonRepository - serkan.sorman@piworks.net taken successfully
2019-06-25 11:08:40,305 [19] INFO DemoApp.Models.PersonRepository - test1@piworks.net taken successfully
2019-06-25 11:08:40,305 [19] INFO DemoApp.Models.PersonRepository - test2@piworks.net taken successfully
2019-06-25 11:08:40,305 [19] INFO DemoApp.Models.PersonRepository - test3@piworks.net taken successfully
2019-06-25 11:08:40,305 [19] INFO DemoApp.Models.PersonRepository - serkan.sorman@piworks.net taken successfully
2019-06-25 11:13:37,708 [12] INFO DemoApp.Controllers.PersonController - Person list GET succesfully
2019-06-25 11:18:12,539 [17] INFO DemoApp.Controllers.PersonController - Person list GET succesfully
2019-06-25 11:19:18,036 [17] INFO DemoApp.Controllers.PersonController - Person list GET succesfully
2019-06-25 11:21:27,425 [34] INFO DemoApp.Controllers.PersonController - Person list GET succesfully
2019-06-25 11:22:37,192 [38] INFO DemoApp.Controllers.PersonController - Person list GET succesfully
2019-06-25 11:22:41,965 [38] INFO DemoApp.Controllers.PersonController - ID: 2 is deleted successfully
2019-06-25 11:22:52,597 [19] INFO DemoApp.Controllers.PersonController - Person list GET succesfully
2019-06-25 11:23:55,768 [34] INFO DemoApp.Controllers.PersonController - Person list GET succesfully
2019-06-25 11:24:50,598 [34] INFO DemoApp.Controllers.PersonController - Person list GET succesfully
2019-06-25 11:24:54,862 [38] INFO DemoApp.Controllers.PersonController - ID: 3 is deleted successfully
2019-06-25 11:25:03,831 [38] INFO DemoApp.Controllers.PersonController - Person list GET succesfully
2019-06-25 11:26:16,430 [38] INFO DemoApp.Controllers.PersonController - Person list GET succesfully
2019-06-25 11:26:25,408 [28] INFO DemoApp.Controllers.PersonController - Person list GET succesfully
2019-06-25 11:26:57,051 [15] INFO DemoApp.Controllers.PersonController - Person list GET succesfully
2019-06-25 11:27:56,668 [28] INFO DemoApp.Controllers.PersonController - Person list GET succesfully
2019-06-25 11:28:11,068 [15] INFO DemoApp.Controllers.PersonController - Person list GET succesfully
2019-06-25 11:28:28,866 [28] INFO DemoApp.Controllers.PersonController - Person list GET succesfully
2019-06-25 11:29:35,980 [28] INFO DemoApp.Controllers.PersonController - Person list GET succesfully
2019-06-25 11:31:59,170 [17] INFO DemoApp.Controllers.PersonController - Person list GET succesfully
2019-06-25 11:33:15,898 [36] INFO DemoApp.Controllers.PersonController - Person list GET succesfully
2019-06-25 11:33:31,417 [36] INFO DemoApp.Controllers.PersonController - Person list GET succesfully
2019-06-25 11:34:17,417 [7] INFO DemoApp.Controllers.PersonController - Person list GET succesfully
2019-06-25 11:34:32,118 [30] INFO DemoApp.Controllers.PersonController - Person list GET succesfully
2019-06-25 13:00:38,503 [33] INFO DemoApp.Controllers.PersonController - Person list GET succesfully
2019-06-25 13:01:12,834 [24] INFO DemoApp.Controllers.PersonController - Person list GET succesfully
2019-06-25 13:01:30,178 [26] INFO DemoApp.Controllers.PersonController - Person list GET succesfully
2019-06-25 13:02:16,785 [11] INFO DemoApp.Controllers.PersonController - Person list GET succesfully
2019-06-25 13:02:33,518 [25] INFO DemoApp.Controllers.PersonController - Person list GET succesfully
2019-06-25 13:02:56,054 [33] INFO DemoApp.Controllers.PersonController - Person list GET succesfully
2019-06-25 13:03:04,771 [11] INFO DemoApp.Controllers.PersonController - Person list GET succesfully
2019-06-25 13:05:55,083 [21] INFO DemoApp.Controllers.PersonController - Person list GET succesfully
2019-06-25 13:07:57,917 [23] INFO DemoApp.Controllers.PersonController - Person list GET succesfully
2019-06-25 13:12:41,192 [21] INFO DemoApp.Controllers.PersonController - Person list GET succesfully
2019-06-25 13:21:57,464 [11] INFO DemoApp.Controllers.PersonController - Person list GET succesfully
2019-06-25 13:27:52,250 [22] INFO DemoApp.Controllers.PersonController - Person list GET succesfully
2019-06-25 13:28:25,707 [25] INFO DemoApp.Controllers.PersonController - Person list GET succesfully
2019-06-25 13:29:08,900 [25] INFO DemoApp.Controllers.PersonController - Person list GET succesfully
2019-06-25 13:30:38,298 [24] INFO DemoApp.Controllers.PersonController - Person list GET succesfully
2019-06-25 13:35:55,845 [25] INFO DemoApp.Controllers.PersonController - Person list GET succesfully
2019-06-25 13:38:12,728 [21] INFO DemoApp.Controllers.PersonController - Person list GET succesfully
2019-06-25 13:39:06,336 [25] INFO DemoApp.Controllers.PersonController - Person list GET succesfully
2019-06-25 13:39:26,559 [25] ERROR DemoApp.Models.ErrorController - 404
2019-06-25 13:41:12,758 [23] ERROR DemoApp.Models.ErrorController - 404
2019-06-25 13:44:42,841 [11] INFO DemoApp.Controllers.PersonController - Person list GET succesfully
2019-06-25 13:44:48,826 [8] ERROR DemoApp.Models.ErrorController - 404
2019-06-25 13:44:59,462 [29] ERROR DemoApp.Models.ErrorController - 404
2019-06-25 13:45:27,859 [23] INFO DemoApp.Controllers.PersonController - Person list GET succesfully
2019-06-25 13:46:36,476 [18] INFO DemoApp.Controllers.PersonController - Person list GET succesfully
2019-06-25 13:47:05,052 [11] INFO DemoApp.Controllers.PersonController - Person list GET succesfully
2019-06-25 13:49:34,005 [6] INFO DemoApp.Controllers.PersonController - Person list GET succesfully
2019-06-25 13:53:43,367 [11] INFO DemoApp.Controllers.PersonController - Person list GET succesfully
2019-06-25 13:55:03,161 [30] INFO DemoApp.Controllers.PersonController - Person list GET succesfully
2019-06-25 13:56:03,499 [26] INFO DemoApp.Controllers.PersonController - Person list GET succesfully
2019-06-25 13:56:31,056 [14] INFO DemoApp.Controllers.PersonController - Person list GET succesfully
2019-06-25 13:58:34,686 [23] INFO DemoApp.Controllers.PersonController - Person list GET succesfully
2019-06-25 15:48:15,136 [32] INFO DemoApp.Controllers.PersonController - Person list GET succesfully
2019-06-25 15:51:28,460 [30] INFO DemoApp.Controllers.PersonController - Person list GET succesfully
2019-06-25 16:03:21,387 [27] INFO DemoApp.Controllers.PersonController - Person list GET succesfully
2019-06-25 16:04:58,726 [21] INFO DemoApp.Controllers.PersonController - Person list GET succesfully
2019-06-25 16:19:00,324 [21] INFO DemoApp.Controllers.PersonController - Person list GET succesfully
2019-06-26 09:59:36,958 [6] INFO DemoApp.Controllers.PersonController - Person list GET succesfully
2019-06-26 10:01:34,766 [9] INFO DemoApp.Controllers.PersonController - Person list GET succesfully
2019-06-26 10:02:30,934 [10] INFO DemoApp.Controllers.PersonController - Person list GET succesfully
2019-06-26 10:02:37,814 [11] INFO DemoApp.Controllers.PersonController -  is edited successfully
2019-06-26 10:26:55,804 [6] INFO DemoApp.Controllers.PersonController - Person list GET succesfully
2019-06-26 10:28:07,777 [8] INFO DemoApp.Controllers.PersonController -  is edited successfully
2019-06-26 10:28:50,953 [8] INFO DemoApp.Controllers.PersonController -  is edited successfully
2019-06-26 10:30:49,782 [6] INFO DemoApp.Controllers.PersonController - Person list GET succesfully
2019-06-26 10:45:33,949 [10] INFO DemoApp.Controllers.PersonController - Person list GET succesfully
2019-06-26 10:45:39,315 [11] INFO DemoApp.Controllers.PersonController -  is edited successfully
2019-06-26 10:59:59,559 [7] INFO DemoApp.Controllers.PersonController - Person list GET succesfully
2019-06-26 11:00:17,425 [8] INFO DemoApp.Controllers.PersonController -  is edited successfully
2019-06-26 11:01:02,474 [6] INFO DemoApp.Controllers.PersonController - Person list GET succesfully
2019-06-26 11:01:07,665 [7] INFO DemoApp.Controllers.PersonController -  is edited successfully
2019-06-26 12:33:18,450 [11] INFO DemoApp.Controllers.PersonController - Person list GET succesfully
2019-06-26 12:33:25,337 [11] INFO DemoApp.Controllers.PersonController -  is edited successfully
2019-06-26 12:35:35,184 [10] INFO DemoApp.Controllers.PersonController - Person list GET succesfully
2019-06-26 12:35:40,201 [10] INFO DemoApp.Controllers.PersonController -  is edited successfully
2019-06-26 12:36:09,819 [10] INFO DemoApp.Controllers.PersonController - Person list GET succesfully
2019-06-26 12:36:30,885 [10] INFO DemoApp.Controllers.PersonController -  is edited successfully
2019-06-26 12:37:48,929 [10] INFO DemoApp.Controllers.PersonController - Person list GET succesfully
2019-06-26 12:38:47,850 [10] INFO DemoApp.Controllers.PersonController - Person list GET succesfully
2019-06-26 12:39:44,147 [10] INFO DemoApp.Controllers.PersonController - Person list GET succesfully
2019-06-26 12:39:49,532 [11] INFO DemoApp.Controllers.PersonController -  is edited successfully
2019-06-26 12:40:01,225 [11] INFO DemoApp.Controllers.PersonController -  is edited successfully
2019-06-26 12:40:16,597 [10] INFO DemoApp.Controllers.PersonController - Person list GET succesfully
2019-06-26 12:40:28,538 [10] INFO DemoApp.Controllers.PersonController -  is edited successfully
2019-06-26 12:40:39,087 [10] INFO DemoApp.Controllers.PersonController -  is edited successfully
2019-06-26 12:46:09,807 [6] INFO DemoApp.Controllers.PersonController - Person list GET succesfully
2019-06-26 12:47:02,908 [8] INFO DemoApp.Controllers.PersonController -  is edited successfully
2019-06-26 12:51:16,216 [13] INFO DemoApp.Controllers.PersonController - Person list GET succesfully
2019-06-26 12:51:24,433 [11] INFO DemoApp.Controllers.PersonController -  is edited successfully
2019-06-26 12:51:44,036 [6] INFO DemoApp.Controllers.PersonController - Person list GET succesfully
2019-06-26 12:51:52,537 [6] INFO DemoApp.Controllers.PersonController -  is edited successfully
2019-06-26 12:52:00,743 [8] INFO DemoApp.Controllers.PersonController - Person list GET succesfully
2019-06-26 12:52:10,793 [6] INFO DemoApp.Controllers.PersonController -  is edited successfully
2019-06-26 12:52:36,007 [9] INFO DemoApp.Controllers.PersonController - Person list GET succesfully
2019-06-26 12:52:56,960 [10] INFO DemoApp.Controllers.PersonController -  is edited successfully
2019-06-26 12:56:04,798 [10] INFO DemoApp.Controllers.PersonController - Person list GET succesfully
2019-06-26 12:56:12,276 [11] INFO DemoApp.Controllers.PersonController - dasddsaa@piworks.net is edited successfully
2019-06-26 12:56:33,116 [10] INFO DemoApp.Controllers.PersonController - Person list GET succesfully
2019-06-26 12:56:55,775 [10] INFO DemoApp.Controllers.PersonController - dasddsaa@piworks.net is edited successfully
2019-06-26 13:04:54,457 [6] INFO DemoApp.Controllers.PersonController - Person list GET succesfully
2019-06-26 13:04:59,437 [7] INFO DemoApp.Controllers.PersonController - dasddsaa@piworks.net is edited successfully
2019-06-26 13:05:27,853 [13] INFO DemoApp.Controllers.PersonController - Person list GET succesfully
2019-06-26 13:06:24,226 [6] INFO DemoApp.Controllers.PersonController - Person list GET succesfully
2019-06-26 13:06:37,531 [8] INFO DemoApp.Controllers.PersonController - dasddsaa@piworks.net is edited successfully
2019-06-26 13:06:49,884 [6] INFO DemoApp.Controllers.PersonController - Person list GET succesfully
2019-06-26 13:07:07,653 [8] INFO DemoApp.Controllers.PersonController - dasddsaa@piworks.net is edited successfully
2019-06-26 13:14:22,390 [9] INFO DemoApp.Controllers.PersonController - Person list GET succesfully
2019-06-26 13:14:30,643 [9] INFO DemoApp.Controllers.PersonController - dasddsaa@piworks.net is edited successfully
2019-06-26 13:14:44,747 [9] INFO DemoApp.Controllers.PersonController - Person list GET succesfully
2019-06-26 13:16:20,030 [10] INFO DemoApp.Controllers.PersonController - Person list GET succesfully
2019-06-26 13:16:25,834 [11] INFO DemoApp.Controllers.PersonController - dasddsaa@piworks.net is edited successfully
2019-06-26 13:16:28,760 [10] INFO DemoApp.Controllers.PersonController - Person list GET succesfully
2019-06-26 13:19:39,926 [6] INFO DemoApp.Controllers.PersonController - Person list GET succesfully
2019-06-26 13:19:46,124 [10] INFO DemoApp.Controllers.PersonController - default@piworks.net is edited successfully
2019-06-26 13:19:49,767 [12] INFO DemoApp.Controllers.PersonController - Person list GET succesfully
2019-06-26 14:07:39,588 [43] INFO DemoApp.Controllers.PersonController - Person list GET succesfully
2019-06-26 14:07:53,475 [43] INFO DemoApp.Controllers.PersonController - default@piworks.net is edited successfully
2019-06-26 14:07:56,716 [45] INFO DemoApp.Controllers.PersonController - Person list GET succesfully
2019-06-26 14:38:20,774 [7] INFO DemoApp.Controllers.PersonController - Person list GET succesfully
2019-06-26 14:38:32,846 [13] INFO DemoApp.Controllers.PersonController - default@piworks.net is edited successfully
2019-06-26 14:39:03,567 [7] INFO DemoApp.Controllers.PersonController - default@piworks.net is edited successfully
2019-06-26 15:01:21,135 [44] INFO DemoApp.Controllers.PersonController - Person list GET succesfully
2019-06-26 15:01:30,055 [41] INFO DemoApp.Controllers.PersonController -  is edited successfully
2019-06-26 15:02:27,717 [39] INFO DemoApp.Controllers.PersonController - Person list GET succesfully
2019-06-26 15:02:42,021 [5] INFO DemoApp.Controllers.PersonController - Person list GET succesfully
2019-06-26 15:02:47,872 [6] INFO DemoApp.Controllers.PersonController -  is edited successfully
2019-06-26 15:03:58,248 [6] INFO DemoApp.Controllers.PersonController - Person list GET succesfully
2019-06-26 15:04:03,926 [8] INFO DemoApp.Controllers.PersonController -  is edited successfully
2019-06-26 15:04:31,889 [6] INFO DemoApp.Controllers.PersonController - Person list GET succesfully
2019-06-26 15:04:36,055 [6] INFO DemoApp.Controllers.PersonController -  is edited successfully
2019-06-26 15:07:19,435 [10] INFO DataAccessLayer.PersonController - Person list GET succesfully
2019-06-26 15:07:24,544 [10] INFO DataAccessLayer.PersonController -  is edited successfully
2019-06-26 15:07:34,146 [10] INFO DataAccessLayer.PersonController -  is edited successfully
2019-06-26 15:13:22,554 [10] INFO DataAccessLayer.PersonController - Person list GET succesfully
2019-06-26 15:15:58,973 [6] INFO DataAccessLayer.PersonController - Person list GET succesfully
2019-06-26 15:16:21,846 [5] INFO DataAccessLayer.PersonController - Person list GET succesfully
2019-06-26 15:16:28,648 [5] INFO DataAccessLayer.PersonController -  is edited successfully
2019-06-26 15:16:43,185 [5] INFO DataAccessLayer.PersonController -  is edited successfully
2019-06-26 15:16:46,122 [5] INFO DataAccessLayer.PersonController - Person list GET succesfully
2019-06-26 15:18:47,660 [7] INFO DataAccessLayer.PersonController - Person list GET succesfully
2019-06-26 15:19:08,941 [6] INFO DataAccessLayer.PersonController - Person list GET succesfully
2019-06-26 15:19:33,257 [6] INFO DataAccessLayer.PersonController - Person list GET succesfully
2019-06-26 15:19:48,670 [7] INFO DataAccessLayer.PersonController - Person list GET succesfully
2019-06-26 15:22:08,644 [6] INFO DataAccessLayer.PersonController - Person list GET succesfully
2019-06-26 15:22:11,104 [6] INFO DataAccessLayer.PersonController - Person list GET succesfully
2019-06-26 15:22:14,040 [6] INFO DataAccessLayer.PersonController - Person list GET succesfully
2019-06-26 15:23:26,356 [6] INFO DataAccessLayer.PersonController - Person list GET succesfully
2019-06-26 15:23:55,367 [7] INFO DataAccessLayer.PersonController - Person list GET succesfully
2019-06-26 15:24:28,227 [7] INFO DataAccessLayer.PersonController - Person list GET succesfully
2019-06-26 15:25:22,520 [8] INFO DataAccessLayer.PersonController - Person list GET succesfully
2019-06-26 16:22:25,987 [7] INFO DataAccessLayer.PersonController - Person list GET succesfully
2019-06-26 16:27:43,978 [20] INFO DataAccessLayer.PersonController - Person list GET succesfully
2019-06-26 16:28:47,469 [12] INFO DataAccessLayer.PersonController - Person list GET succesfully
2019-06-27 08:47:50,142 [11] INFO DataAccessLayer.PersonController - Person list GET succesfully
2019-06-27 08:55:40,266 [11] INFO DataAccessLayer.PersonController - Person list GET succesfully
2019-06-27 08:56:02,158 [9] INFO DataAccessLayer.PersonController - Person list GET succesfully
2019-06-27 08:56:53,240 [20] INFO DataAccessLayer.PersonController - Person list GET succesfully
2019-06-27 08:58:52,535 [21] INFO DataAccessLayer.PersonController - postTest@piworks.net is edited successfully
2019-06-27 08:59:18,513 [9] INFO DataAccessLayer.PersonController - Person list GET succesfully
2019-06-27 09:00:21,178 [4] INFO DataAccessLayer.PersonController - postTest2@piworks.net is added successfully
2019-06-27 09:00:25,274 [20] INFO DataAccessLayer.PersonController - Person list GET succesfully
2019-06-27 09:02:22,700 [20] INFO DataAccessLayer.PersonController - Person list GET succesfully
2019-06-27 09:02:28,409 [9] INFO DataAccessLayer.PersonController - Person list GET succesfully
2019-06-27 09:06:25,837 [23] INFO DataAccessLayer.PersonController - Person list GET succesfully
2019-06-27 09:06:48,870 [23] ERROR DemoApp.Models.ErrorController - 404
2019-06-27 09:07:19,754 [25] INFO DataAccessLayer.PersonController - ID: 12 GET successfully
2019-06-27 09:10:26,305 [21] INFO DataAccessLayer.PersonController - Person list GET succesfully
2019-06-27 09:11:28,890 [9] INFO DataAccessLayer.PersonController - Person list GET succesfully
2019-06-27 09:36:50,613 [26] INFO DataAccessLayer.PersonController - Person list GET succesfully
2019-06-28 10:48:44,312 [6] INFO DataAccessLayer.PersonController - Person list GET succesfully
2019-06-28 10:51:01,579 [6] INFO DataAccessLayer.PersonController - Person list GET succesfully
2019-06-28 10:57:28,883 [6] INFO DataAccessLayer.PersonController - Person list GET succesfully
2019-06-28 10:57:48,534 [18] INFO DataAccessLayer.PersonController - Person list GET succesfully
2019-06-28 10:58:34,080 [8] INFO DataAccessLayer.PersonController - Person list GET succesfully
2019-06-28 10:59:17,192 [16] INFO DataAccessLayer.PersonController - Person list GET succesfully
2019-06-28 10:59:48,426 [16] INFO DataAccessLayer.PersonController - Person list GET succesfully
2019-06-28 11:01:18,274 [18] INFO DataAccessLayer.PersonController - Person list GET succesfully
2019-06-28 11:02:15,543 [16] INFO DataAccessLayer.PersonController - Person list GET succesfully
2019-06-28 11:02:59,702 [7] INFO DataAccessLayer.PersonController - Person list GET succesfully
2019-06-28 11:03:41,313 [6] INFO DataAccessLayer.PersonController - Person list GET succesfully
2019-06-28 11:05:39,169 [7] INFO DataAccessLayer.PersonController - Person list GET succesfully
2019-06-28 11:06:51,086 [18] INFO DataAccessLayer.PersonController - Person list GET succesfully
2019-06-28 11:08:40,459 [18] INFO DataAccessLayer.PersonController - Person list GET succesfully
2019-07-01 09:00:21,315 [10] INFO DataAccessLayer.PersonController - Person list GET succesfully
2019-07-01 09:04:44,834 [10] INFO DataAccessLayer.PersonController - Person list GET succesfully
2019-07-01 09:15:17,328 [18] INFO DataAccessLayer.PersonController - Person list GET succesfully
2019-07-01 09:24:32,492 [8] INFO DataAccessLayer.PersonController - Person list GET succesfully
2019-07-01 09:24:45,332 [10] INFO DataAccessLayer.PersonController - Person list GET succesfully
2019-07-01 09:33:36,492 [6] INFO DataAccessLayer.PersonController - Person list GET succesfully
2019-07-01 09:49:20,563 [6] INFO DataAccessLayer.PersonController - Person list GET succesfully
2019-07-01 09:56:08,509 [9] INFO DataAccessLayer.PersonController - Person list GET succesfully
2019-07-01 09:56:31,919 [14] INFO DataAccessLayer.PersonController - Person list GET succesfully
2019-07-01 10:07:33,194 [24] INFO DataAccessLayer.PersonController - Person list GET succesfully
2019-07-01 10:08:33,239 [19] ERROR DemoApp.Models.ErrorController - 404
2019-07-02 11:17:25,845 [6] INFO DataAccessLayer.PersonController - Person list GET succesfully
2019-07-02 11:20:18,185 [7] INFO DataAccessLayer.PersonController - Person list GET succesfully
